<?xml version="1.0" encoding="UTF-8"?>
<testng-results skipped="0" failed="0" ignored="0" total="1" passed="1">
  <reporter-output>
  </reporter-output>
  <suite name="Default suite" duration-ms="31670" started-at="2018-11-01T05:54:17Z" finished-at="2018-11-01T05:54:49Z">
    <groups>
    </groups>
    <test name="Default test" duration-ms="31670" started-at="2018-11-01T05:54:17Z" finished-at="2018-11-01T05:54:49Z">
      <class name="Test.LoginTest">
        <test-method status="PASS" signature="setup()[pri:0, instance:Test.LoginTest@5056dfcb]" name="setup" is-config="true" duration-ms="14898" started-at="2018-11-01T11:39:17Z" finished-at="2018-11-01T11:39:32Z">
          <reporter-output>
          </reporter-output>
        </test-method> <!-- setup -->
        <test-method status="PASS" signature="Loginfunction()[pri:0, instance:Test.LoginTest@5056dfcb]" name="Loginfunction" duration-ms="16749" started-at="2018-11-01T11:39:32Z" finished-at="2018-11-01T11:39:49Z">
          <reporter-output>
          </reporter-output>
        </test-method> <!-- Loginfunction -->
      </class> <!-- Test.LoginTest -->
    </test> <!-- Default test -->
  </suite> <!-- Default suite -->
</testng-results>
