<?xml version="1.0" encoding="UTF-8"?>
<testng-results skipped="0" failed="0" ignored="0" total="1" passed="1">
  <reporter-output>
  </reporter-output>
  <suite name="Default suite" duration-ms="15058" started-at="2018-11-02T06:46:35Z" finished-at="2018-11-02T06:46:50Z">
    <groups>
    </groups>
    <test name="Default test" duration-ms="15058" started-at="2018-11-02T06:46:35Z" finished-at="2018-11-02T06:46:50Z">
      <class name="Test.LoginTest">
        <test-method status="PASS" signature="setup()[pri:0, instance:Test.LoginTest@7946e1f4]" name="setup" is-config="true" duration-ms="8143" started-at="2018-11-02T12:31:35Z" finished-at="2018-11-02T12:31:43Z">
          <reporter-output>
          </reporter-output>
        </test-method> <!-- setup -->
        <test-method status="PASS" signature="LoginPage()[pri:0, instance:Test.LoginTest@7946e1f4]" name="LoginPage" duration-ms="6890" started-at="2018-11-02T12:31:43Z" finished-at="2018-11-02T12:31:50Z">
          <reporter-output>
          </reporter-output>
        </test-method> <!-- LoginPage -->
      </class> <!-- Test.LoginTest -->
    </test> <!-- Default test -->
  </suite> <!-- Default suite -->
</testng-results>
