<?xml version="1.0" encoding="UTF-8"?>
<testng-results skipped="0" failed="0" ignored="0" total="1" passed="1">
  <reporter-output>
  </reporter-output>
  <suite name="Default suite" duration-ms="14199" started-at="2018-11-01T05:04:20Z" finished-at="2018-11-01T05:04:35Z">
    <groups>
    </groups>
    <test name="Default test" duration-ms="14199" started-at="2018-11-01T05:04:20Z" finished-at="2018-11-01T05:04:35Z">
      <class name="Test.LoginTest">
        <test-method status="PASS" signature="setup()[pri:0, instance:Test.LoginTest@5056dfcb]" name="setup" is-config="true" duration-ms="8057" started-at="2018-11-01T10:49:20Z" finished-at="2018-11-01T10:49:29Z">
          <reporter-output>
          </reporter-output>
        </test-method> <!-- setup -->
        <test-method status="PASS" signature="login()[pri:0, instance:Test.LoginTest@5056dfcb]" name="login" duration-ms="6105" started-at="2018-11-01T10:49:29Z" finished-at="2018-11-01T10:49:35Z">
          <reporter-output>
          </reporter-output>
        </test-method> <!-- login -->
      </class> <!-- Test.LoginTest -->
    </test> <!-- Default test -->
  </suite> <!-- Default suite -->
</testng-results>
