<?xml version="1.0" encoding="UTF-8"?>
<testng-results skipped="0" failed="0" ignored="0" total="1" passed="1">
  <reporter-output>
  </reporter-output>
  <suite name="Default suite" duration-ms="28151" started-at="2018-11-01T08:50:20Z" finished-at="2018-11-01T08:50:48Z">
    <groups>
    </groups>
    <test name="Default test" duration-ms="28151" started-at="2018-11-01T08:50:20Z" finished-at="2018-11-01T08:50:48Z">
      <class name="Tests.LoginTest">
        <test-method status="PASS" signature="setup()[pri:0, instance:Tests.LoginTest@2669b199]" name="setup" is-config="true" duration-ms="16062" started-at="2018-11-01T14:35:20Z" finished-at="2018-11-01T14:35:36Z">
          <reporter-output>
          </reporter-output>
        </test-method> <!-- setup -->
        <test-method status="PASS" signature="LoginPage()[pri:0, instance:Tests.LoginTest@2669b199]" name="LoginPage" duration-ms="11980" started-at="2018-11-01T14:35:36Z" finished-at="2018-11-01T14:35:48Z">
          <reporter-output>
          </reporter-output>
        </test-method> <!-- LoginPage -->
      </class> <!-- Tests.LoginTest -->
    </test> <!-- Default test -->
  </suite> <!-- Default suite -->
</testng-results>
